<?xml version="1.0" encoding="UTF-8"?>
<!-- Generated by org.testng.reporters.JUnitXMLReporter -->
<testsuite hostname="Irwins-MacBook-Air.local" ignored="0" name="Test" tests="11" failures="2" timestamp="2020-09-05T12:16:31 EDT" time="46.82" errors="0">
  <testcase name="@BeforeClass openBrowser" time="0.001" classname="com.syntax.class02_HWCW.Task">
    <failure type="java.lang.IllegalStateException" message="The driver executable does not exist: /Users/irwinferrufino/eclipse-workspace/TestNGdrivers/chromedriver">
      <![CDATA[java.lang.IllegalStateException: The driver executable does not exist: /Users/irwinferrufino/eclipse-workspace/TestNGdrivers/chromedriver
at com.google.common.base.Preconditions.checkState(Preconditions.java:585)
at org.openqa.selenium.remote.service.DriverService.checkExecutable(DriverService.java:146)
at org.openqa.selenium.remote.service.DriverService.findExecutable(DriverService.java:141)
at org.openqa.selenium.chrome.ChromeDriverService.access$000(ChromeDriverService.java:35)
at org.openqa.selenium.chrome.ChromeDriverService$Builder.findDefaultExecutable(ChromeDriverService.java:159)
at org.openqa.selenium.remote.service.DriverService$Builder.build(DriverService.java:355)
at org.openqa.selenium.chrome.ChromeDriverService.createDefaultService(ChromeDriverService.java:94)
at org.openqa.selenium.chrome.ChromeDriver.<init>(ChromeDriver.java:123)
at com.syntax.class02_HWCW.Task.openBrowser(Task.java:19)
at java.util.ArrayList.forEach(ArrayList.java:1257)
... Removed 25 stack frames]]>
    </failure>
  </testcase> <!-- @BeforeClass openBrowser -->
  <testcase name="@AfterClass closeBrowser" time="-1.599322591335E9" classname="com.syntax.class02_HWCW.Task">
    <skipped/>
  </testcase> <!-- @AfterClass closeBrowser -->
  <testcase name="testMethod" time="0.005" classname="com.syntax.class02.AllAnnotation"/>
  <testcase name="titleValidation" time="0.009" classname="com.syntax.class02.IssueWithoutAssertion"/>
  <testcase name="validLogin" time="0.164" classname="com.syntax.class02.IssueWithoutAssertion">
    <failure type="org.openqa.selenium.NoSuchElementException" message="no such element: Unable to locate element: {&amp;quot;method&amp;quot;:&amp;quot;css selector&amp;quot;,&amp;quot;selector&amp;quot;:&amp;quot;#txtPasswords&amp;quot;}
  (Session info: chrome=85.0.4183.83)
For documentation on this error, please visit: https://www.seleniumhq.org/exceptions/no_such_element.html
Build info: version: &amp;apos;3.141.59&amp;apos;, revision: &amp;apos;e82be7d358&amp;apos;, time: &amp;apos;2018-11-14T08:25:48&amp;apos;
System info: host: &amp;apos;Irwins-MacBook-Air.local&amp;apos;, ip: &amp;apos;fe80:0:0:0:820:977c:bfc2:754e%en0&amp;apos;, os.name: &amp;apos;Mac OS X&amp;apos;, os.arch: &amp;apos;x86_64&amp;apos;, os.version: &amp;apos;10.15.6&amp;apos;, java.version: &amp;apos;1.8.0_251&amp;apos;
Driver info: org.openqa.selenium.chrome.ChromeDriver
Capabilities {acceptInsecureCerts: false, browserName: chrome, browserVersion: 85.0.4183.83, chrome: {chromedriverVersion: 84.0.4147.30 (48b3e868b4cc0..., userDataDir: /var/folders/r9/dw02xrys19v...}, goog:chromeOptions: {debuggerAddress: localhost:52759}, javascriptEnabled: true, networkConnectionEnabled: false, pageLoadStrategy: normal, platform: MAC, platformName: MAC, proxy: Proxy(), setWindowRect: true, strictFileInteractability: false, timeouts: {implicit: 0, pageLoad: 300000, script: 30000}, unhandledPromptBehavior: dismiss and notify, webauthn:virtualAuthenticators: true}
Session ID: da55638961014ede43c3c8f3da7434cc
*** Element info: {Using=id, value=txtPasswords}">
      <![CDATA[org.openqa.selenium.NoSuchElementException: no such element: Unable to locate element: {"method":"css selector","selector":"#txtPasswords"}
  (Session info: chrome=85.0.4183.83)
For documentation on this error, please visit: https://www.seleniumhq.org/exceptions/no_such_element.html
Build info: version: '3.141.59', revision: 'e82be7d358', time: '2018-11-14T08:25:48'
System info: host: 'Irwins-MacBook-Air.local', ip: 'fe80:0:0:0:820:977c:bfc2:754e%en0', os.name: 'Mac OS X', os.arch: 'x86_64', os.version: '10.15.6', java.version: '1.8.0_251'
Driver info: org.openqa.selenium.chrome.ChromeDriver
Capabilities {acceptInsecureCerts: false, browserName: chrome, browserVersion: 85.0.4183.83, chrome: {chromedriverVersion: 84.0.4147.30 (48b3e868b4cc0..., userDataDir: /var/folders/r9/dw02xrys19v...}, goog:chromeOptions: {debuggerAddress: localhost:52759}, javascriptEnabled: true, networkConnectionEnabled: false, pageLoadStrategy: normal, platform: MAC, platformName: MAC, proxy: Proxy(), setWindowRect: true, strictFileInteractability: false, timeouts: {implicit: 0, pageLoad: 300000, script: 30000}, unhandledPromptBehavior: dismiss and notify, webauthn:virtualAuthenticators: true}
Session ID: da55638961014ede43c3c8f3da7434cc
*** Element info: {Using=id, value=txtPasswords}
at org.openqa.selenium.remote.http.W3CHttpResponseCodec.createException(W3CHttpResponseCodec.java:187)
at org.openqa.selenium.remote.http.W3CHttpResponseCodec.decode(W3CHttpResponseCodec.java:122)
at org.openqa.selenium.remote.http.W3CHttpResponseCodec.decode(W3CHttpResponseCodec.java:49)
at org.openqa.selenium.remote.HttpCommandExecutor.execute(HttpCommandExecutor.java:158)
at org.openqa.selenium.remote.service.DriverCommandExecutor.execute(DriverCommandExecutor.java:83)
at org.openqa.selenium.remote.RemoteWebDriver.execute(RemoteWebDriver.java:552)
at org.openqa.selenium.remote.RemoteWebDriver.findElement(RemoteWebDriver.java:323)
at org.openqa.selenium.remote.RemoteWebDriver.findElementById(RemoteWebDriver.java:372)
at org.openqa.selenium.By$ById.findElement(By.java:188)
at org.openqa.selenium.remote.RemoteWebDriver.findElement(RemoteWebDriver.java:315)
at com.syntax.class02.IssueWithoutAssertion.validLogin(IssueWithoutAssertion.java:30)
at java.util.ArrayList.forEach(ArrayList.java:1257)
... Removed 31 stack frames]]>
    </failure>
  </testcase> <!-- validLogin -->
  <testcase name="validLogin" time="2.762" classname="com.syntax.class02.Dependency"/>
  <testcase name="invalidLogin" time="0.225" classname="com.syntax.class02.Dependency"/>
  <testcase name="loginFormText" time="0.043" classname="com.syntax.class02.HardAssertion"/>
  <testcase name="logoValidation" time="0.081" classname="com.syntax.class02.HardAssertion"/>
  <testcase name="titleValidation" time="0.009" classname="com.syntax.class02.HardAssertion"/>
  <testcase name="invalidLoginError" time="7.157" classname="com.syntax.class02.SoftAssertion">
    <failure type="java.lang.AssertionError" message="The following asserts failed:
	expected [Invalid credential] but found [Invalid credentials],
	expected [Password cannot be] but found [Password cannot be empty]">
      <![CDATA[java.lang.AssertionError: The following asserts failed:
expected [Invalid credential] but found [Invalid credentials],
expected [Password cannot be] but found [Password cannot be empty]
at com.syntax.class02.SoftAssertion.invalidLoginError(SoftAssertion.java:55)
at java.util.ArrayList.forEach(ArrayList.java:1257)
... Removed 29 stack frames]]>
    </failure>
  </testcase> <!-- invalidLoginError -->
  <testcase name="Login" time="0.0" classname="com.syntax.class02_HWCW.Task">
    <skipped/>
  </testcase> <!-- Login -->
  <testcase name="labelsDisplayed" time="0.0" classname="com.syntax.class02_HWCW.Task">
    <skipped/>
  </testcase> <!-- labelsDisplayed -->
</testsuite> <!-- Test -->
