<?xml version="1.0" encoding="UTF-8"?>
<!-- Generated by org.testng.reporters.JUnitXMLReporter -->
<testsuite hostname="Irwins-MacBook-Air.local" ignored="21" name="Test" tests="1" failures="1" timestamp="2020-09-05T13:03:53 EDT" time="4.548" errors="0">
  <testcase name="validLogin" time="0.132" classname="com.syntax.class02.IssueWithoutAssertion">
    <failure type="org.openqa.selenium.NoSuchElementException" message="no such element: Unable to locate element: {&amp;quot;method&amp;quot;:&amp;quot;css selector&amp;quot;,&amp;quot;selector&amp;quot;:&amp;quot;#txtPasswords&amp;quot;}
  (Session info: chrome=85.0.4183.83)
For documentation on this error, please visit: https://www.seleniumhq.org/exceptions/no_such_element.html
Build info: version: &amp;apos;3.141.59&amp;apos;, revision: &amp;apos;e82be7d358&amp;apos;, time: &amp;apos;2018-11-14T08:25:48&amp;apos;
System info: host: &amp;apos;Irwins-MacBook-Air.local&amp;apos;, ip: &amp;apos;fe80:0:0:0:820:977c:bfc2:754e%en0&amp;apos;, os.name: &amp;apos;Mac OS X&amp;apos;, os.arch: &amp;apos;x86_64&amp;apos;, os.version: &amp;apos;10.15.6&amp;apos;, java.version: &amp;apos;1.8.0_251&amp;apos;
Driver info: org.openqa.selenium.chrome.ChromeDriver
Capabilities {acceptInsecureCerts: false, browserName: chrome, browserVersion: 85.0.4183.83, chrome: {chromedriverVersion: 84.0.4147.30 (48b3e868b4cc0..., userDataDir: /var/folders/r9/dw02xrys19v...}, goog:chromeOptions: {debuggerAddress: localhost:53440}, javascriptEnabled: true, networkConnectionEnabled: false, pageLoadStrategy: normal, platform: MAC, platformName: MAC, proxy: Proxy(), setWindowRect: true, strictFileInteractability: false, timeouts: {implicit: 0, pageLoad: 300000, script: 30000}, unhandledPromptBehavior: dismiss and notify, webauthn:virtualAuthenticators: true}
Session ID: 0de61c36a4dea9bf5e9c71f493322145
*** Element info: {Using=id, value=txtPasswords}">
      <![CDATA[org.openqa.selenium.NoSuchElementException: no such element: Unable to locate element: {"method":"css selector","selector":"#txtPasswords"}
  (Session info: chrome=85.0.4183.83)
For documentation on this error, please visit: https://www.seleniumhq.org/exceptions/no_such_element.html
Build info: version: '3.141.59', revision: 'e82be7d358', time: '2018-11-14T08:25:48'
System info: host: 'Irwins-MacBook-Air.local', ip: 'fe80:0:0:0:820:977c:bfc2:754e%en0', os.name: 'Mac OS X', os.arch: 'x86_64', os.version: '10.15.6', java.version: '1.8.0_251'
Driver info: org.openqa.selenium.chrome.ChromeDriver
Capabilities {acceptInsecureCerts: false, browserName: chrome, browserVersion: 85.0.4183.83, chrome: {chromedriverVersion: 84.0.4147.30 (48b3e868b4cc0..., userDataDir: /var/folders/r9/dw02xrys19v...}, goog:chromeOptions: {debuggerAddress: localhost:53440}, javascriptEnabled: true, networkConnectionEnabled: false, pageLoadStrategy: normal, platform: MAC, platformName: MAC, proxy: Proxy(), setWindowRect: true, strictFileInteractability: false, timeouts: {implicit: 0, pageLoad: 300000, script: 30000}, unhandledPromptBehavior: dismiss and notify, webauthn:virtualAuthenticators: true}
Session ID: 0de61c36a4dea9bf5e9c71f493322145
*** Element info: {Using=id, value=txtPasswords}
at org.openqa.selenium.remote.http.W3CHttpResponseCodec.createException(W3CHttpResponseCodec.java:187)
at org.openqa.selenium.remote.http.W3CHttpResponseCodec.decode(W3CHttpResponseCodec.java:122)
at org.openqa.selenium.remote.http.W3CHttpResponseCodec.decode(W3CHttpResponseCodec.java:49)
at org.openqa.selenium.remote.HttpCommandExecutor.execute(HttpCommandExecutor.java:158)
at org.openqa.selenium.remote.service.DriverCommandExecutor.execute(DriverCommandExecutor.java:83)
at org.openqa.selenium.remote.RemoteWebDriver.execute(RemoteWebDriver.java:552)
at org.openqa.selenium.remote.RemoteWebDriver.findElement(RemoteWebDriver.java:323)
at org.openqa.selenium.remote.RemoteWebDriver.findElementById(RemoteWebDriver.java:372)
at org.openqa.selenium.By$ById.findElement(By.java:188)
at org.openqa.selenium.remote.RemoteWebDriver.findElement(RemoteWebDriver.java:315)
at com.syntax.class02.IssueWithoutAssertion.validLogin(IssueWithoutAssertion.java:30)
at java.util.ArrayList.forEach(ArrayList.java:1257)
... Removed 31 stack frames]]>
    </failure>
  </testcase> <!-- validLogin -->
  <testcase name="invalidLoginError" time="0.0" classname="com.syntax.class02.SoftAssertion">
    <ignored/>
  </testcase> <!-- invalidLoginError -->
  <testcase name="loginFormText" time="0.0" classname="com.syntax.class02.HardAssertion">
    <ignored/>
  </testcase> <!-- loginFormText -->
  <testcase name="testMethod3" time="0.0" classname="com.syntax.class01.DifferentAnnotation">
    <ignored/>
  </testcase> <!-- testMethod3 -->
  <testcase name="testMethod" time="0.0" classname="com.syntax.class02.AllAnnotation">
    <ignored/>
  </testcase> <!-- testMethod -->
  <testcase name="testfour" time="0.0" classname="com.syntax.class01.TestNGIntro">
    <ignored/>
  </testcase> <!-- testfour -->
  <testcase name="invalidLogin" time="0.0" classname="com.syntax.class02.Dependency">
    <ignored/>
  </testcase> <!-- invalidLogin -->
  <testcase name="hello" time="0.0" classname="com.syntax.class01.TestNGtest">
    <ignored/>
  </testcase> <!-- hello -->
  <testcase name="checkReport" time="0.0" classname="com.syntax.class01.TestNGDependencies">
    <ignored/>
  </testcase> <!-- checkReport -->
  <testcase name="validLogin" time="0.0" classname="com.syntax.class02.Dependency">
    <ignored/>
  </testcase> <!-- validLogin -->
  <testcase name="validLogin" time="0.0" classname="com.syntax.class01.HrmsTestCases">
    <ignored/>
  </testcase> <!-- validLogin -->
  <testcase name="titleValidation" time="0.0" classname="com.syntax.class02.IssueWithoutAssertion">
    <ignored/>
  </testcase> <!-- titleValidation -->
  <testcase name="testTwo" time="0.0" classname="com.syntax.class01.TestNGIntro">
    <ignored/>
  </testcase> <!-- testTwo -->
  <testcase name="logoValidation" time="0.0" classname="com.syntax.class02.HardAssertion">
    <ignored/>
  </testcase> <!-- logoValidation -->
  <testcase name="titleValidation" time="0.0" classname="com.syntax.class02.HardAssertion">
    <ignored/>
  </testcase> <!-- titleValidation -->
  <testcase name="testMethod" time="0.0" classname="com.syntax.class01.DifferentAnnotation">
    <ignored/>
  </testcase> <!-- testMethod -->
  <testcase name="invalidLogin" time="0.0" classname="com.syntax.class01.HrmsTestCases">
    <ignored/>
  </testcase> <!-- invalidLogin -->
  <testcase name="testThree" time="0.0" classname="com.syntax.class01.TestNGIntro">
    <ignored/>
  </testcase> <!-- testThree -->
  <testcase name="login" time="0.0" classname="com.syntax.class01.TestNGDependencies">
    <ignored/>
  </testcase> <!-- login -->
  <testcase name="titleValidation" time="0.0" classname="com.syntax.class01.HrmsTestCases">
    <ignored/>
  </testcase> <!-- titleValidation -->
  <testcase name="testOne" time="0.0" classname="com.syntax.class01.TestNGIntro">
    <ignored/>
  </testcase> <!-- testOne -->
  <testcase name="testMethod2" time="0.0" classname="com.syntax.class01.DifferentAnnotation">
    <ignored/>
  </testcase> <!-- testMethod2 -->
</testsuite> <!-- Test -->
